<?xml version="1.0" encoding="UTF-8"?>
<!-- Generated by org.testng.reporters.JUnitReportReporter -->
<testsuite skipped="0" hostname="DESKTOP-4K3CJ59" name="AnnotationsPractice.ParametrizationTestNG" tests="2" failures="0" timestamp="2022-08-16T18:49:33 EDT" time="0.073" errors="0">
  <testcase name="test" time="0.016" classname="AnnotationsPractice.ParametrizationTestNG"/>
  <system-out/>
  <testcase name="testTwo" time="0.057" classname="AnnotationsPractice.ParametrizationTestNG"/>
  <system-out/>
</testsuite> <!-- AnnotationsPractice.ParametrizationTestNG -->
